stdio    D         file_stdio.c:109  file_stdio_fopen                 [   0.00000] opening C:\Users\matt\Documents\Visual Studio 2017\Projects\Space Strategy Game Prototype\x64\Debug\allegro5.cfg r
system   D            wsystem.c:738  maybe_parent_dir                 [   0.00000] Also searching C:\Users\matt\Documents\Visual Studio 2017\Projects\Space Strategy Game Prototype\x64\
system   D            wsystem.c:788  _al_win_safe_load_library        [   0.00000] PathFindOnPath found: C:\WINDOWS\system32\shcore.dll
system   D            wsystem.c:699  load_library_at_path             [   0.00000] Calling LoadLibrary C:\WINDOWS\system32\shcore.dll
system   I            wsystem.c:702  load_library_at_path             [   0.00000] Loaded C:\WINDOWS\system32\shcore.dll
system   I             system.c:263  al_install_system                [   0.00000] Allegro version: 5.2.3
system   D            wsystem.c:738  maybe_parent_dir                 [   0.10594] Also searching C:\Users\matt\Documents\Visual Studio 2017\Projects\Space Strategy Game Prototype\x64\
system   D            wsystem.c:788  _al_win_safe_load_library        [   0.12883] PathFindOnPath found: C:\WINDOWS\system32\d3d9.dll
system   D            wsystem.c:699  load_library_at_path             [   0.12888] Calling LoadLibrary C:\WINDOWS\system32\d3d9.dll
system   I            wsystem.c:702  load_library_at_path             [   0.13007] Loaded C:\WINDOWS\system32\d3d9.dll
d3d      I         d3d_disp.cpp:674  d3d_init_display                 [   0.13439] Render-to-texture: 1
d3d      I         d3d_disp.cpp:1768 d3d_create_display_locked        [   0.14063] faux_fullscreen=0
d3d      D         d3d_disp.cpp:1769 d3d_create_display_locked        [   0.14067] al_display=0000025E620A8B40
d3d      D         d3d_disp.cpp:1770 d3d_create_display_locked        [   0.14070] al_display->vt=0000025E62075330
d3d      I d3d_display_formats.cpp:144  _al_d3d_generate_display_format_list [   0.14330] found 64 format combinations
display  D   display_settings.c:212  debug_display_settings           [   0.14338] color: 32 (rgba 8880), depth: 0, stencil: 0, acc: 0000, samples: 0/0
display  D   display_settings.c:527  _al_score_display_settings       [   0.14344] Score is : 897
display  D   display_settings.c:212  debug_display_settings           [   0.14348] color: 32 (rgba 8880), depth: 0, stencil: 0, acc: 0000, samples: 0/0
display  D   display_settings.c:527  _al_score_display_settings       [   0.14353] Score is : 897
display  D   display_settings.c:212  debug_display_settings           [   0.14357] color: 32 (rgba 8880), depth: 24, stencil: 8, acc: 0000, samples: 0/0
display  D   display_settings.c:527  _al_score_display_settings       [   0.14362] Score is : 897
display  D   display_settings.c:212  debug_display_settings           [   0.14366] color: 32 (rgba 8880), depth: 24, stencil: 8, acc: 0000, samples: 0/0
display  D   display_settings.c:527  _al_score_display_settings       [   0.14371] Score is : 897
display  D   display_settings.c:212  debug_display_settings           [   0.14374] color: 32 (rgba 8880), depth: 24, stencil: 0, acc: 0000, samples: 0/0
display  D   display_settings.c:527  _al_score_display_settings       [   0.14379] Score is : 897
display  D   display_settings.c:212  debug_display_settings           [   0.14383] color: 32 (rgba 8880), depth: 24, stencil: 0, acc: 0000, samples: 0/0
display  D   display_settings.c:527  _al_score_display_settings       [   0.14388] Score is : 897
display  D   display_settings.c:212  debug_display_settings           [   0.14393] color: 32 (rgba 8880), depth: 16, stencil: 0, acc: 0000, samples: 0/0
display  D   display_settings.c:527  _al_score_display_settings       [   0.14398] Score is : 897
display  D   display_settings.c:212  debug_display_settings           [   0.14402] color: 32 (rgba 8880), depth: 16, stencil: 0, acc: 0000, samples: 0/0
display  D   display_settings.c:527  _al_score_display_settings       [   0.14407] Score is : 897
display  D   display_settings.c:212  debug_display_settings           [   0.14411] color: 16 (rgba 5650), depth: 0, stencil: 0, acc: 0000, samples: 0/0
display  D   display_settings.c:527  _al_score_display_settings       [   0.14425] Score is : 897
display  D   display_settings.c:212  debug_display_settings           [   0.14429] color: 16 (rgba 5650), depth: 0, stencil: 0, acc: 0000, samples: 0/0
display  D   display_settings.c:527  _al_score_display_settings       [   0.14434] Score is : 897
display  D   display_settings.c:212  debug_display_settings           [   0.14438] color: 16 (rgba 5650), depth: 24, stencil: 8, acc: 0000, samples: 0/0
display  D   display_settings.c:527  _al_score_display_settings       [   0.14443] Score is : 897
display  D   display_settings.c:212  debug_display_settings           [   0.14447] color: 16 (rgba 5650), depth: 24, stencil: 8, acc: 0000, samples: 0/0
display  D   display_settings.c:527  _al_score_display_settings       [   0.14452] Score is : 897
display  D   display_settings.c:212  debug_display_settings           [   0.14456] color: 16 (rgba 5650), depth: 24, stencil: 0, acc: 0000, samples: 0/0
display  D   display_settings.c:527  _al_score_display_settings       [   0.14461] Score is : 897
display  D   display_settings.c:212  debug_display_settings           [   0.14465] color: 16 (rgba 5650), depth: 24, stencil: 0, acc: 0000, samples: 0/0
display  D   display_settings.c:527  _al_score_display_settings       [   0.14471] Score is : 897
display  D   display_settings.c:212  debug_display_settings           [   0.14475] color: 16 (rgba 5650), depth: 16, stencil: 0, acc: 0000, samples: 0/0
display  D   display_settings.c:527  _al_score_display_settings       [   0.14480] Score is : 897
display  D   display_settings.c:212  debug_display_settings           [   0.14484] color: 16 (rgba 5650), depth: 16, stencil: 0, acc: 0000, samples: 0/0
display  D   display_settings.c:527  _al_score_display_settings       [   0.14489] Score is : 897
display  D   display_settings.c:212  debug_display_settings           [   0.14493] color: 32 (rgba 8880), depth: 0, stencil: 0, acc: 0000, samples: 0/0
display  D   display_settings.c:398  _al_score_display_settings       [   0.14498] Single Buffer requirement not met.
display  D   display_settings.c:212  debug_display_settings           [   0.14502] color: 32 (rgba 8880), depth: 0, stencil: 0, acc: 0000, samples: 0/0
display  D   display_settings.c:398  _al_score_display_settings       [   0.14507] Single Buffer requirement not met.
display  D   display_settings.c:212  debug_display_settings           [   0.14511] color: 32 (rgba 8880), depth: 24, stencil: 8, acc: 0000, samples: 0/0
display  D   display_settings.c:398  _al_score_display_settings       [   0.14516] Single Buffer requirement not met.
display  D   display_settings.c:212  debug_display_settings           [   0.14521] color: 32 (rgba 8880), depth: 24, stencil: 8, acc: 0000, samples: 0/0
display  D   display_settings.c:398  _al_score_display_settings       [   0.14526] Single Buffer requirement not met.
display  D   display_settings.c:212  debug_display_settings           [   0.14530] color: 32 (rgba 8880), depth: 24, stencil: 0, acc: 0000, samples: 0/0
display  D   display_settings.c:398  _al_score_display_settings       [   0.14535] Single Buffer requirement not met.
display  D   display_settings.c:212  debug_display_settings           [   0.14539] color: 32 (rgba 8880), depth: 24, stencil: 0, acc: 0000, samples: 0/0
display  D   display_settings.c:398  _al_score_display_settings       [   0.14544] Single Buffer requirement not met.
display  D   display_settings.c:212  debug_display_settings           [   0.14548] color: 32 (rgba 8880), depth: 16, stencil: 0, acc: 0000, samples: 0/0
display  D   display_settings.c:398  _al_score_display_settings       [   0.14553] Single Buffer requirement not met.
display  D   display_settings.c:212  debug_display_settings           [   0.14557] color: 32 (rgba 8880), depth: 16, stencil: 0, acc: 0000, samples: 0/0
display  D   display_settings.c:398  _al_score_display_settings       [   0.14562] Single Buffer requirement not met.
display  D   display_settings.c:212  debug_display_settings           [   0.14567] color: 16 (rgba 5650), depth: 0, stencil: 0, acc: 0000, samples: 0/0
display  D   display_settings.c:398  _al_score_display_settings       [   0.14572] Single Buffer requirement not met.
display  D   display_settings.c:212  debug_display_settings           [   0.14576] color: 16 (rgba 5650), depth: 0, stencil: 0, acc: 0000, samples: 0/0
display  D   display_settings.c:398  _al_score_display_settings       [   0.14581] Single Buffer requirement not met.
display  D   display_settings.c:212  debug_display_settings           [   0.14586] color: 16 (rgba 5650), depth: 24, stencil: 8, acc: 0000, samples: 0/0
display  D   display_settings.c:398  _al_score_display_settings       [   0.14591] Single Buffer requirement not met.
display  D   display_settings.c:212  debug_display_settings           [   0.14595] color: 16 (rgba 5650), depth: 24, stencil: 8, acc: 0000, samples: 0/0
display  D   display_settings.c:398  _al_score_display_settings       [   0.14600] Single Buffer requirement not met.
display  D   display_settings.c:212  debug_display_settings           [   0.14604] color: 16 (rgba 5650), depth: 24, stencil: 0, acc: 0000, samples: 0/0
display  D   display_settings.c:398  _al_score_display_settings       [   0.14609] Single Buffer requirement not met.
display  D   display_settings.c:212  debug_display_settings           [   0.14613] color: 16 (rgba 5650), depth: 24, stencil: 0, acc: 0000, samples: 0/0
display  D   display_settings.c:398  _al_score_display_settings       [   0.14618] Single Buffer requirement not met.
display  D   display_settings.c:212  debug_display_settings           [   0.14622] color: 16 (rgba 5650), depth: 16, stencil: 0, acc: 0000, samples: 0/0
display  D   display_settings.c:398  _al_score_display_settings       [   0.14627] Single Buffer requirement not met.
display  D   display_settings.c:212  debug_display_settings           [   0.14631] color: 16 (rgba 5650), depth: 16, stencil: 0, acc: 0000, samples: 0/0
display  D   display_settings.c:398  _al_score_display_settings       [   0.14636] Single Buffer requirement not met.
display  D   display_settings.c:212  debug_display_settings           [   0.14640] color: 32 (rgba 8880), depth: 0, stencil: 0, acc: 0000, samples: 0/0
display  D   display_settings.c:527  _al_score_display_settings       [   0.14646] Score is : 769
display  D   display_settings.c:212  debug_display_settings           [   0.14650] color: 32 (rgba 8880), depth: 0, stencil: 0, acc: 0000, samples: 0/0
display  D   display_settings.c:527  _al_score_display_settings       [   0.14655] Score is : 769
display  D   display_settings.c:212  debug_display_settings           [   0.14659] color: 32 (rgba 8880), depth: 24, stencil: 8, acc: 0000, samples: 0/0
display  D   display_settings.c:527  _al_score_display_settings       [   0.14664] Score is : 769
display  D   display_settings.c:212  debug_display_settings           [   0.14668] color: 32 (rgba 8880), depth: 24, stencil: 8, acc: 0000, samples: 0/0
display  D   display_settings.c:527  _al_score_display_settings       [   0.14673] Score is : 769
display  D   display_settings.c:212  debug_display_settings           [   0.14677] color: 32 (rgba 8880), depth: 24, stencil: 0, acc: 0000, samples: 0/0
display  D   display_settings.c:527  _al_score_display_settings       [   0.14682] Score is : 769
display  D   display_settings.c:212  debug_display_settings           [   0.14686] color: 32 (rgba 8880), depth: 24, stencil: 0, acc: 0000, samples: 0/0
display  D   display_settings.c:527  _al_score_display_settings       [   0.14691] Score is : 769
display  D   display_settings.c:212  debug_display_settings           [   0.14695] color: 32 (rgba 8880), depth: 16, stencil: 0, acc: 0000, samples: 0/0
display  D   display_settings.c:527  _al_score_display_settings       [   0.14701] Score is : 769
display  D   display_settings.c:212  debug_display_settings           [   0.14705] color: 32 (rgba 8880), depth: 16, stencil: 0, acc: 0000, samples: 0/0
display  D   display_settings.c:527  _al_score_display_settings       [   0.14710] Score is : 769
display  D   display_settings.c:212  debug_display_settings           [   0.14714] color: 16 (rgba 5650), depth: 0, stencil: 0, acc: 0000, samples: 0/0
display  D   display_settings.c:527  _al_score_display_settings       [   0.14719] Score is : 769
display  D   display_settings.c:212  debug_display_settings           [   0.14723] color: 16 (rgba 5650), depth: 0, stencil: 0, acc: 0000, samples: 0/0
display  D   display_settings.c:527  _al_score_display_settings       [   0.14728] Score is : 769
display  D   display_settings.c:212  debug_display_settings           [   0.14732] color: 16 (rgba 5650), depth: 24, stencil: 8, acc: 0000, samples: 0/0
display  D   display_settings.c:527  _al_score_display_settings       [   0.14738] Score is : 769
display  D   display_settings.c:212  debug_display_settings           [   0.14742] color: 16 (rgba 5650), depth: 24, stencil: 8, acc: 0000, samples: 0/0
display  D   display_settings.c:527  _al_score_display_settings       [   0.14747] Score is : 769
display  D   display_settings.c:212  debug_display_settings           [   0.14751] color: 16 (rgba 5650), depth: 24, stencil: 0, acc: 0000, samples: 0/0
display  D   display_settings.c:527  _al_score_display_settings       [   0.14756] Score is : 769
display  D   display_settings.c:212  debug_display_settings           [   0.14759] color: 16 (rgba 5650), depth: 24, stencil: 0, acc: 0000, samples: 0/0
display  D   display_settings.c:527  _al_score_display_settings       [   0.14765] Score is : 769
display  D   display_settings.c:212  debug_display_settings           [   0.14768] color: 16 (rgba 5650), depth: 16, stencil: 0, acc: 0000, samples: 0/0
display  D   display_settings.c:527  _al_score_display_settings       [   0.14774] Score is : 769
display  D   display_settings.c:212  debug_display_settings           [   0.14778] color: 16 (rgba 5650), depth: 16, stencil: 0, acc: 0000, samples: 0/0
display  D   display_settings.c:527  _al_score_display_settings       [   0.14783] Score is : 769
display  D   display_settings.c:212  debug_display_settings           [   0.14787] color: 32 (rgba 8880), depth: 0, stencil: 0, acc: 0000, samples: 0/0
display  D   display_settings.c:398  _al_score_display_settings       [   0.14792] Single Buffer requirement not met.
display  D   display_settings.c:212  debug_display_settings           [   0.14796] color: 32 (rgba 8880), depth: 0, stencil: 0, acc: 0000, samples: 0/0
display  D   display_settings.c:398  _al_score_display_settings       [   0.14801] Single Buffer requirement not met.
display  D   display_settings.c:212  debug_display_settings           [   0.14804] color: 32 (rgba 8880), depth: 24, stencil: 8, acc: 0000, samples: 0/0
display  D   display_settings.c:398  _al_score_display_settings       [   0.14810] Single Buffer requirement not met.
display  D   display_settings.c:212  debug_display_settings           [   0.14814] color: 32 (rgba 8880), depth: 24, stencil: 8, acc: 0000, samples: 0/0
display  D   display_settings.c:398  _al_score_display_settings       [   0.14818] Single Buffer requirement not met.
display  D   display_settings.c:212  debug_display_settings           [   0.14822] color: 32 (rgba 8880), depth: 24, stencil: 0, acc: 0000, samples: 0/0
display  D   display_settings.c:398  _al_score_display_settings       [   0.14828] Single Buffer requirement not met.
display  D   display_settings.c:212  debug_display_settings           [   0.14832] color: 32 (rgba 8880), depth: 24, stencil: 0, acc: 0000, samples: 0/0
display  D   display_settings.c:398  _al_score_display_settings       [   0.14837] Single Buffer requirement not met.
display  D   display_settings.c:212  debug_display_settings           [   0.14841] color: 32 (rgba 8880), depth: 16, stencil: 0, acc: 0000, samples: 0/0
display  D   display_settings.c:398  _al_score_display_settings       [   0.14846] Single Buffer requirement not met.
display  D   display_settings.c:212  debug_display_settings           [   0.14850] color: 32 (rgba 8880), depth: 16, stencil: 0, acc: 0000, samples: 0/0
display  D   display_settings.c:398  _al_score_display_settings       [   0.14862] Single Buffer requirement not met.
display  D   display_settings.c:212  debug_display_settings           [   0.14866] color: 16 (rgba 5650), depth: 0, stencil: 0, acc: 0000, samples: 0/0
display  D   display_settings.c:398  _al_score_display_settings       [   0.14871] Single Buffer requirement not met.
display  D   display_settings.c:212  debug_display_settings           [   0.14875] color: 16 (rgba 5650), depth: 0, stencil: 0, acc: 0000, samples: 0/0
display  D   display_settings.c:398  _al_score_display_settings       [   0.14880] Single Buffer requirement not met.
display  D   display_settings.c:212  debug_display_settings           [   0.14885] color: 16 (rgba 5650), depth: 24, stencil: 8, acc: 0000, samples: 0/0
display  D   display_settings.c:398  _al_score_display_settings       [   0.14889] Single Buffer requirement not met.
display  D   display_settings.c:212  debug_display_settings           [   0.14894] color: 16 (rgba 5650), depth: 24, stencil: 8, acc: 0000, samples: 0/0
display  D   display_settings.c:398  _al_score_display_settings       [   0.14898] Single Buffer requirement not met.
display  D   display_settings.c:212  debug_display_settings           [   0.14903] color: 16 (rgba 5650), depth: 24, stencil: 0, acc: 0000, samples: 0/0
display  D   display_settings.c:398  _al_score_display_settings       [   0.14907] Single Buffer requirement not met.
display  D   display_settings.c:212  debug_display_settings           [   0.14911] color: 16 (rgba 5650), depth: 24, stencil: 0, acc: 0000, samples: 0/0
display  D   display_settings.c:398  _al_score_display_settings       [   0.14916] Single Buffer requirement not met.
display  D   display_settings.c:212  debug_display_settings           [   0.14920] color: 16 (rgba 5650), depth: 16, stencil: 0, acc: 0000, samples: 0/0
display  D   display_settings.c:398  _al_score_display_settings       [   0.14925] Single Buffer requirement not met.
display  D   display_settings.c:212  debug_display_settings           [   0.14929] color: 16 (rgba 5650), depth: 16, stencil: 0, acc: 0000, samples: 0/0
display  D   display_settings.c:398  _al_score_display_settings       [   0.14934] Single Buffer requirement not met.
d3d      D         d3d_disp.cpp:1668 d3d_create_display_internals     [   0.14945] Trying format 0.
d3d      I         d3d_disp.cpp:1344 d3d_display_thread_proc          [   0.14980] Chose a display format: 23
d3d      I         d3d_disp.cpp:1413 d3d_display_thread_proc          [   0.14984] Normal window.
d3d      I         d3d_disp.cpp:781  d3d_create_device                [   0.17139] Using no depth stencil buffer
d3d      D         d3d_disp.cpp:839  d3d_create_device                [   0.17814] BeginScene succeeded in create_device
d3d      D         d3d_disp.cpp:847  d3d_create_device                [   0.17821] Success
d3d      D         d3d_disp.cpp:1691 d3d_create_display_internals     [   0.17827] Resumed after wait.
d3d      I         d3d_disp.cpp:1724 d3d_create_display_internals     [   0.17835] Format 0 succeeded.
d3d      D         d3d_disp.cpp:1755 d3d_create_display_internals     [   0.18375] Returning d3d_display: 0000025E620A8B40
d3d      D         d3d_disp.cpp:1780 d3d_create_display_locked        [   0.18382] al_display=0000025E620A8B40
d3d      D         d3d_disp.cpp:1781 d3d_create_display_locked        [   0.18387] al_display->vt=0000025E62075330
system   D            wsystem.c:738  maybe_parent_dir                 [   0.19593] Also searching C:\Users\matt\Documents\Visual Studio 2017\Projects\Space Strategy Game Prototype\x64\
system   D            wsystem.c:788  _al_win_safe_load_library        [   0.19623] PathFindOnPath found: C:\WINDOWS\system32\d3dx9_43.dll
system   D            wsystem.c:699  load_library_at_path             [   0.19628] Calling LoadLibrary C:\WINDOWS\system32\d3dx9_43.dll
system   I            wsystem.c:702  load_library_at_path             [   0.26172] Loaded C:\WINDOWS\system32\d3dx9_43.dll
d3dx9    I        d3d_d3dx9.cpp:88   _imp_load_d3dx9_module_version   [   0.26208] Module "d3dx9_43.dll" loaded.
audio-dsound I           dsound.cpp:255  _dsound_open                     [   0.26222] Starting DirectSound...
audio-dsound D           dsound.cpp:264  _dsound_open                     [   0.29487] DirectSoundCreate8 succeeded
audio    I              audio.c:347  do_install_audio                 [   0.29765] Using DirectSound driver
audio-dsound D           dsound.cpp:296  _dsound_allocate_voice           [   0.36827] Allocating voice
audio-dsound D           dsound.cpp:355  _dsound_allocate_voice           [   0.36834] Allocated voice
dtor     D               dtor.c:196  _al_register_destructor          [   0.39705] added dtor for voice 0000025E65ED9F00, func 00007FFAED831208
dtor     D               dtor.c:196  _al_register_destructor          [   0.39719] added dtor for mixer 0000025E65ECEBB0, func 00007FFAED831212
audio-dsound D           dsound.cpp:451  _dsound_start_voice              [   0.39727] Starting voice
audio-dsound D           dsound.cpp:479  _dsound_start_voice              [   0.39732] CreateSoundBuffer
audio-dsound D           dsound.cpp:487  _dsound_start_voice              [   0.39981] CreateSoundBuffer succeeded
audio-dsound D           dsound.cpp:493  _dsound_start_voice              [   0.39988] Starting _dsound_update thread
audio-dsound I           dsound.cpp:503  _dsound_start_voice              [   0.39999] Voice started
dtor     D               dtor.c:196  _al_register_destructor          [   0.40007] added dtor for sample_instance 0000025E65ECF9A0, func 00007FFAED831438
audio    D          kcm_mixer.c:121  _al_rechannel_matrix             [   0.40017] sample matrix:
audio    D          kcm_mixer.c:127  _al_rechannel_matrix             [   0.40022] 
audio    D          kcm_mixer.c:127  _al_rechannel_matrix             [   0.40026] 
dtor     D               dtor.c:196  _al_register_destructor          [   0.40034] added dtor for sample_instance 0000025E65F0CF50, func 00007FFAED831438
audio    D          kcm_mixer.c:121  _al_rechannel_matrix             [   0.40081] sample matrix:
audio    D          kcm_mixer.c:127  _al_rechannel_matrix             [   0.40086] 
audio    D          kcm_mixer.c:127  _al_rechannel_matrix             [   0.40091] 
dtor     D               dtor.c:196  _al_register_destructor          [   0.40096] added dtor for sample_instance 0000025E65F15310, func 00007FFAED831438
audio    D          kcm_mixer.c:121  _al_rechannel_matrix             [   0.40101] sample matrix:
audio    D          kcm_mixer.c:127  _al_rechannel_matrix             [   0.40105] 
audio    D          kcm_mixer.c:127  _al_rechannel_matrix             [   0.40109] 
dtor     D               dtor.c:196  _al_register_destructor          [   0.40114] added dtor for sample_instance 0000025E65F15990, func 00007FFAED831438
audio    D          kcm_mixer.c:121  _al_rechannel_matrix             [   0.40119] sample matrix:
audio    D          kcm_mixer.c:127  _al_rechannel_matrix             [   0.40123] 
audio    D          kcm_mixer.c:127  _al_rechannel_matrix             [   0.40128] 
dtor     D               dtor.c:196  _al_register_destructor          [   0.40133] added dtor for sample_instance 0000025E65F16580, func 00007FFAED831438
audio    D          kcm_mixer.c:121  _al_rechannel_matrix             [   0.40138] sample matrix:
audio    D          kcm_mixer.c:127  _al_rechannel_matrix             [   0.40142] 
audio    D          kcm_mixer.c:127  _al_rechannel_matrix             [   0.40146] 
font     W               font.c:368  al_init_font_addon               [   0.40183] Font addon already initialised.
font     W                ttf.c:1100 al_init_ttf_addon                [   0.42238] TTF addon already initialised.
dtor     D               dtor.c:196  _al_register_destructor          [   0.43591] added dtor for queue 0000025E65ECC570, func 00007FFACE5422BB
dtor     D               dtor.c:196  _al_register_destructor          [   0.43600] added dtor for timer 0000025E620DAF50, func 00007FFACE5418E8
stdio    D         file_stdio.c:109  file_stdio_fopen                 [   0.43690] opening Fonts/CamingoCode-Regular.ttf rb
stdio    D         file_stdio.c:109  file_stdio_fopen                 [   0.43715] opening Images/MenuCursorSpriteSheet.png rb
bitmap   W          bitmap_io.c:211  al_load_bitmap_flags             [   0.43727] Failed loading Images/MenuCursorSpriteSheet.png with .png handler.
stdio    D         file_stdio.c:109  file_stdio_fopen                 [   0.43800] opening Images/TileSelector.png rb
bitmap   W          bitmap_io.c:211  al_load_bitmap_flags             [   0.43822] Failed loading Images/TileSelector.png with .png handler.
stdio    D         file_stdio.c:109  file_stdio_fopen                 [   0.44482] opening Images/Weapon1.png rb
bitmap   W          bitmap_io.c:211  al_load_bitmap_flags             [   0.44494] Failed loading Images/Weapon1.png with .png handler.
stdio    D         file_stdio.c:109  file_stdio_fopen                 [   0.44511] opening Images/Spaceship_1.png rb
bitmap   W          bitmap_io.c:211  al_load_bitmap_flags             [   0.44521] Failed loading Images/Spaceship_1.png with .png handler.
stdio    D         file_stdio.c:109  file_stdio_fopen                 [   0.44539] opening Images/Weapon2.png rb
bitmap   W          bitmap_io.c:211  al_load_bitmap_flags             [   0.44548] Failed loading Images/Weapon2.png with .png handler.
stdio    D         file_stdio.c:109  file_stdio_fopen                 [   0.47174] opening Images/SpaceTile.png rb
bitmap   W          bitmap_io.c:211  al_load_bitmap_flags             [   0.47190] Failed loading Images/SpaceTile.png with .png handler.
