stdio    D         file_stdio.c:109  file_stdio_fopen                 [   0.00000] opening C:\Users\matt\Documents\Visual Studio 2017\Projects\Space Strategy Game Prototype\x64\Debug\allegro5.cfg r
system   D            wsystem.c:738  maybe_parent_dir                 [   0.00000] Also searching C:\Users\matt\Documents\Visual Studio 2017\Projects\Space Strategy Game Prototype\x64\
system   D            wsystem.c:788  _al_win_safe_load_library        [   0.00000] PathFindOnPath found: C:\WINDOWS\system32\shcore.dll
system   D            wsystem.c:699  load_library_at_path             [   0.00000] Calling LoadLibrary C:\WINDOWS\system32\shcore.dll
system   I            wsystem.c:702  load_library_at_path             [   0.00000] Loaded C:\WINDOWS\system32\shcore.dll
system   I             system.c:263  al_install_system                [   0.00000] Allegro version: 5.2.3
system   D            wsystem.c:738  maybe_parent_dir                 [   0.00069] Also searching C:\Users\matt\Documents\Visual Studio 2017\Projects\Space Strategy Game Prototype\x64\
system   D            wsystem.c:788  _al_win_safe_load_library        [   0.00092] PathFindOnPath found: C:\WINDOWS\system32\d3d9.dll
system   D            wsystem.c:699  load_library_at_path             [   0.00095] Calling LoadLibrary C:\WINDOWS\system32\d3d9.dll
system   I            wsystem.c:702  load_library_at_path             [   0.00737] Loaded C:\WINDOWS\system32\d3d9.dll
d3d      I         d3d_disp.cpp:674  d3d_init_display                 [   0.06240] Render-to-texture: 1
d3d      I         d3d_disp.cpp:1768 d3d_create_display_locked        [   0.06333] faux_fullscreen=0
d3d      D         d3d_disp.cpp:1769 d3d_create_display_locked        [   0.06338] al_display=000002294B891580
d3d      D         d3d_disp.cpp:1770 d3d_create_display_locked        [   0.06343] al_display->vt=000002294B854BB0
d3d      I d3d_display_formats.cpp:144  _al_d3d_generate_display_format_list [   0.08496] found 64 format combinations
display  D   display_settings.c:212  debug_display_settings           [   0.08503] color: 32 (rgba 8880), depth: 0, stencil: 0, acc: 0000, samples: 0/0
display  D   display_settings.c:527  _al_score_display_settings       [   0.08509] Score is : 897
display  D   display_settings.c:212  debug_display_settings           [   0.08513] color: 32 (rgba 8880), depth: 0, stencil: 0, acc: 0000, samples: 0/0
display  D   display_settings.c:527  _al_score_display_settings       [   0.08518] Score is : 897
display  D   display_settings.c:212  debug_display_settings           [   0.08522] color: 32 (rgba 8880), depth: 24, stencil: 8, acc: 0000, samples: 0/0
display  D   display_settings.c:527  _al_score_display_settings       [   0.08527] Score is : 897
display  D   display_settings.c:212  debug_display_settings           [   0.08531] color: 32 (rgba 8880), depth: 24, stencil: 8, acc: 0000, samples: 0/0
display  D   display_settings.c:527  _al_score_display_settings       [   0.08536] Score is : 897
display  D   display_settings.c:212  debug_display_settings           [   0.08539] color: 32 (rgba 8880), depth: 24, stencil: 0, acc: 0000, samples: 0/0
display  D   display_settings.c:527  _al_score_display_settings       [   0.08544] Score is : 897
display  D   display_settings.c:212  debug_display_settings           [   0.08548] color: 32 (rgba 8880), depth: 24, stencil: 0, acc: 0000, samples: 0/0
display  D   display_settings.c:527  _al_score_display_settings       [   0.08556] Score is : 897
display  D   display_settings.c:212  debug_display_settings           [   0.08560] color: 32 (rgba 8880), depth: 16, stencil: 0, acc: 0000, samples: 0/0
display  D   display_settings.c:527  _al_score_display_settings       [   0.08565] Score is : 897
display  D   display_settings.c:212  debug_display_settings           [   0.08569] color: 32 (rgba 8880), depth: 16, stencil: 0, acc: 0000, samples: 0/0
display  D   display_settings.c:527  _al_score_display_settings       [   0.08573] Score is : 897
display  D   display_settings.c:212  debug_display_settings           [   0.08577] color: 16 (rgba 5650), depth: 0, stencil: 0, acc: 0000, samples: 0/0
display  D   display_settings.c:527  _al_score_display_settings       [   0.08609] Score is : 897
display  D   display_settings.c:212  debug_display_settings           [   0.08614] color: 16 (rgba 5650), depth: 0, stencil: 0, acc: 0000, samples: 0/0
display  D   display_settings.c:527  _al_score_display_settings       [   0.08619] Score is : 897
display  D   display_settings.c:212  debug_display_settings           [   0.08623] color: 16 (rgba 5650), depth: 24, stencil: 8, acc: 0000, samples: 0/0
display  D   display_settings.c:527  _al_score_display_settings       [   0.08628] Score is : 897
display  D   display_settings.c:212  debug_display_settings           [   0.08632] color: 16 (rgba 5650), depth: 24, stencil: 8, acc: 0000, samples: 0/0
display  D   display_settings.c:527  _al_score_display_settings       [   0.08636] Score is : 897
display  D   display_settings.c:212  debug_display_settings           [   0.08640] color: 16 (rgba 5650), depth: 24, stencil: 0, acc: 0000, samples: 0/0
display  D   display_settings.c:527  _al_score_display_settings       [   0.08645] Score is : 897
display  D   display_settings.c:212  debug_display_settings           [   0.08649] color: 16 (rgba 5650), depth: 24, stencil: 0, acc: 0000, samples: 0/0
display  D   display_settings.c:527  _al_score_display_settings       [   0.08657] Score is : 897
display  D   display_settings.c:212  debug_display_settings           [   0.08662] color: 16 (rgba 5650), depth: 16, stencil: 0, acc: 0000, samples: 0/0
display  D   display_settings.c:527  _al_score_display_settings       [   0.08667] Score is : 897
display  D   display_settings.c:212  debug_display_settings           [   0.08671] color: 16 (rgba 5650), depth: 16, stencil: 0, acc: 0000, samples: 0/0
display  D   display_settings.c:527  _al_score_display_settings       [   0.08676] Score is : 897
display  D   display_settings.c:212  debug_display_settings           [   0.08680] color: 32 (rgba 8880), depth: 0, stencil: 0, acc: 0000, samples: 0/0
display  D   display_settings.c:398  _al_score_display_settings       [   0.08685] Single Buffer requirement not met.
display  D   display_settings.c:212  debug_display_settings           [   0.08690] color: 32 (rgba 8880), depth: 0, stencil: 0, acc: 0000, samples: 0/0
display  D   display_settings.c:398  _al_score_display_settings       [   0.08694] Single Buffer requirement not met.
display  D   display_settings.c:212  debug_display_settings           [   0.08698] color: 32 (rgba 8880), depth: 24, stencil: 8, acc: 0000, samples: 0/0
display  D   display_settings.c:398  _al_score_display_settings       [   0.08703] Single Buffer requirement not met.
display  D   display_settings.c:212  debug_display_settings           [   0.08707] color: 32 (rgba 8880), depth: 24, stencil: 8, acc: 0000, samples: 0/0
display  D   display_settings.c:398  _al_score_display_settings       [   0.08712] Single Buffer requirement not met.
display  D   display_settings.c:212  debug_display_settings           [   0.08716] color: 32 (rgba 8880), depth: 24, stencil: 0, acc: 0000, samples: 0/0
display  D   display_settings.c:398  _al_score_display_settings       [   0.08720] Single Buffer requirement not met.
display  D   display_settings.c:212  debug_display_settings           [   0.08724] color: 32 (rgba 8880), depth: 24, stencil: 0, acc: 0000, samples: 0/0
display  D   display_settings.c:398  _al_score_display_settings       [   0.08730] Single Buffer requirement not met.
display  D   display_settings.c:212  debug_display_settings           [   0.08734] color: 32 (rgba 8880), depth: 16, stencil: 0, acc: 0000, samples: 0/0
display  D   display_settings.c:398  _al_score_display_settings       [   0.08738] Single Buffer requirement not met.
display  D   display_settings.c:212  debug_display_settings           [   0.08742] color: 32 (rgba 8880), depth: 16, stencil: 0, acc: 0000, samples: 0/0
display  D   display_settings.c:398  _al_score_display_settings       [   0.08747] Single Buffer requirement not met.
display  D   display_settings.c:212  debug_display_settings           [   0.08759] color: 16 (rgba 5650), depth: 0, stencil: 0, acc: 0000, samples: 0/0
display  D   display_settings.c:398  _al_score_display_settings       [   0.08765] Single Buffer requirement not met.
display  D   display_settings.c:212  debug_display_settings           [   0.08776] color: 16 (rgba 5650), depth: 0, stencil: 0, acc: 0000, samples: 0/0
display  D   display_settings.c:398  _al_score_display_settings       [   0.08782] Single Buffer requirement not met.
display  D   display_settings.c:212  debug_display_settings           [   0.08786] color: 16 (rgba 5650), depth: 24, stencil: 8, acc: 0000, samples: 0/0
display  D   display_settings.c:398  _al_score_display_settings       [   0.08791] Single Buffer requirement not met.
display  D   display_settings.c:212  debug_display_settings           [   0.08795] color: 16 (rgba 5650), depth: 24, stencil: 8, acc: 0000, samples: 0/0
display  D   display_settings.c:398  _al_score_display_settings       [   0.08800] Single Buffer requirement not met.
display  D   display_settings.c:212  debug_display_settings           [   0.08804] color: 16 (rgba 5650), depth: 24, stencil: 0, acc: 0000, samples: 0/0
display  D   display_settings.c:398  _al_score_display_settings       [   0.08809] Single Buffer requirement not met.
display  D   display_settings.c:212  debug_display_settings           [   0.08813] color: 16 (rgba 5650), depth: 24, stencil: 0, acc: 0000, samples: 0/0
display  D   display_settings.c:398  _al_score_display_settings       [   0.08818] Single Buffer requirement not met.
display  D   display_settings.c:212  debug_display_settings           [   0.08830] color: 16 (rgba 5650), depth: 16, stencil: 0, acc: 0000, samples: 0/0
display  D   display_settings.c:398  _al_score_display_settings       [   0.08835] Single Buffer requirement not met.
display  D   display_settings.c:212  debug_display_settings           [   0.08839] color: 16 (rgba 5650), depth: 16, stencil: 0, acc: 0000, samples: 0/0
display  D   display_settings.c:398  _al_score_display_settings       [   0.08844] Single Buffer requirement not met.
display  D   display_settings.c:212  debug_display_settings           [   0.08848] color: 32 (rgba 8880), depth: 0, stencil: 0, acc: 0000, samples: 0/0
display  D   display_settings.c:527  _al_score_display_settings       [   0.08872] Score is : 769
display  D   display_settings.c:212  debug_display_settings           [   0.08876] color: 32 (rgba 8880), depth: 0, stencil: 0, acc: 0000, samples: 0/0
display  D   display_settings.c:527  _al_score_display_settings       [   0.08885] Score is : 769
display  D   display_settings.c:212  debug_display_settings           [   0.08889] color: 32 (rgba 8880), depth: 24, stencil: 8, acc: 0000, samples: 0/0
display  D   display_settings.c:527  _al_score_display_settings       [   0.08894] Score is : 769
display  D   display_settings.c:212  debug_display_settings           [   0.08898] color: 32 (rgba 8880), depth: 24, stencil: 8, acc: 0000, samples: 0/0
display  D   display_settings.c:527  _al_score_display_settings       [   0.08903] Score is : 769
display  D   display_settings.c:212  debug_display_settings           [   0.08907] color: 32 (rgba 8880), depth: 24, stencil: 0, acc: 0000, samples: 0/0
display  D   display_settings.c:527  _al_score_display_settings       [   0.08912] Score is : 769
display  D   display_settings.c:212  debug_display_settings           [   0.08918] color: 32 (rgba 8880), depth: 24, stencil: 0, acc: 0000, samples: 0/0
display  D   display_settings.c:527  _al_score_display_settings       [   0.08923] Score is : 769
display  D   display_settings.c:212  debug_display_settings           [   0.08927] color: 32 (rgba 8880), depth: 16, stencil: 0, acc: 0000, samples: 0/0
display  D   display_settings.c:527  _al_score_display_settings       [   0.08933] Score is : 769
display  D   display_settings.c:212  debug_display_settings           [   0.08937] color: 32 (rgba 8880), depth: 16, stencil: 0, acc: 0000, samples: 0/0
display  D   display_settings.c:527  _al_score_display_settings       [   0.08943] Score is : 769
display  D   display_settings.c:212  debug_display_settings           [   0.08947] color: 16 (rgba 5650), depth: 0, stencil: 0, acc: 0000, samples: 0/0
display  D   display_settings.c:527  _al_score_display_settings       [   0.08953] Score is : 769
display  D   display_settings.c:212  debug_display_settings           [   0.08957] color: 16 (rgba 5650), depth: 0, stencil: 0, acc: 0000, samples: 0/0
display  D   display_settings.c:527  _al_score_display_settings       [   0.08962] Score is : 769
display  D   display_settings.c:212  debug_display_settings           [   0.08966] color: 16 (rgba 5650), depth: 24, stencil: 8, acc: 0000, samples: 0/0
display  D   display_settings.c:527  _al_score_display_settings       [   0.08971] Score is : 769
display  D   display_settings.c:212  debug_display_settings           [   0.08975] color: 16 (rgba 5650), depth: 24, stencil: 8, acc: 0000, samples: 0/0
display  D   display_settings.c:527  _al_score_display_settings       [   0.08980] Score is : 769
display  D   display_settings.c:212  debug_display_settings           [   0.08984] color: 16 (rgba 5650), depth: 24, stencil: 0, acc: 0000, samples: 0/0
display  D   display_settings.c:527  _al_score_display_settings       [   0.08990] Score is : 769
display  D   display_settings.c:212  debug_display_settings           [   0.08994] color: 16 (rgba 5650), depth: 24, stencil: 0, acc: 0000, samples: 0/0
display  D   display_settings.c:527  _al_score_display_settings       [   0.08999] Score is : 769
display  D   display_settings.c:212  debug_display_settings           [   0.09063] color: 16 (rgba 5650), depth: 16, stencil: 0, acc: 0000, samples: 0/0
display  D   display_settings.c:527  _al_score_display_settings       [   0.09069] Score is : 769
display  D   display_settings.c:212  debug_display_settings           [   0.09074] color: 16 (rgba 5650), depth: 16, stencil: 0, acc: 0000, samples: 0/0
display  D   display_settings.c:527  _al_score_display_settings       [   0.09079] Score is : 769
display  D   display_settings.c:212  debug_display_settings           [   0.09082] color: 32 (rgba 8880), depth: 0, stencil: 0, acc: 0000, samples: 0/0
display  D   display_settings.c:398  _al_score_display_settings       [   0.09087] Single Buffer requirement not met.
display  D   display_settings.c:212  debug_display_settings           [   0.09092] color: 32 (rgba 8880), depth: 0, stencil: 0, acc: 0000, samples: 0/0
display  D   display_settings.c:398  _al_score_display_settings       [   0.09097] Single Buffer requirement not met.
display  D   display_settings.c:212  debug_display_settings           [   0.09101] color: 32 (rgba 8880), depth: 24, stencil: 8, acc: 0000, samples: 0/0
display  D   display_settings.c:398  _al_score_display_settings       [   0.09106] Single Buffer requirement not met.
display  D   display_settings.c:212  debug_display_settings           [   0.09110] color: 32 (rgba 8880), depth: 24, stencil: 8, acc: 0000, samples: 0/0
display  D   display_settings.c:398  _al_score_display_settings       [   0.09115] Single Buffer requirement not met.
display  D   display_settings.c:212  debug_display_settings           [   0.09119] color: 32 (rgba 8880), depth: 24, stencil: 0, acc: 0000, samples: 0/0
display  D   display_settings.c:398  _al_score_display_settings       [   0.09124] Single Buffer requirement not met.
display  D   display_settings.c:212  debug_display_settings           [   0.09128] color: 32 (rgba 8880), depth: 24, stencil: 0, acc: 0000, samples: 0/0
display  D   display_settings.c:398  _al_score_display_settings       [   0.09133] Single Buffer requirement not met.
display  D   display_settings.c:212  debug_display_settings           [   0.09137] color: 32 (rgba 8880), depth: 16, stencil: 0, acc: 0000, samples: 0/0
display  D   display_settings.c:398  _al_score_display_settings       [   0.09142] Single Buffer requirement not met.
display  D   display_settings.c:212  debug_display_settings           [   0.09146] color: 32 (rgba 8880), depth: 16, stencil: 0, acc: 0000, samples: 0/0
display  D   display_settings.c:398  _al_score_display_settings       [   0.09151] Single Buffer requirement not met.
display  D   display_settings.c:212  debug_display_settings           [   0.09156] color: 16 (rgba 5650), depth: 0, stencil: 0, acc: 0000, samples: 0/0
display  D   display_settings.c:398  _al_score_display_settings       [   0.09160] Single Buffer requirement not met.
display  D   display_settings.c:212  debug_display_settings           [   0.09164] color: 16 (rgba 5650), depth: 0, stencil: 0, acc: 0000, samples: 0/0
display  D   display_settings.c:398  _al_score_display_settings       [   0.09169] Single Buffer requirement not met.
display  D   display_settings.c:212  debug_display_settings           [   0.09173] color: 16 (rgba 5650), depth: 24, stencil: 8, acc: 0000, samples: 0/0
display  D   display_settings.c:398  _al_score_display_settings       [   0.09178] Single Buffer requirement not met.
display  D   display_settings.c:212  debug_display_settings           [   0.09182] color: 16 (rgba 5650), depth: 24, stencil: 8, acc: 0000, samples: 0/0
display  D   display_settings.c:398  _al_score_display_settings       [   0.09187] Single Buffer requirement not met.
display  D   display_settings.c:212  debug_display_settings           [   0.09191] color: 16 (rgba 5650), depth: 24, stencil: 0, acc: 0000, samples: 0/0
display  D   display_settings.c:398  _al_score_display_settings       [   0.09196] Single Buffer requirement not met.
display  D   display_settings.c:212  debug_display_settings           [   0.09199] color: 16 (rgba 5650), depth: 24, stencil: 0, acc: 0000, samples: 0/0
display  D   display_settings.c:398  _al_score_display_settings       [   0.09208] Single Buffer requirement not met.
display  D   display_settings.c:212  debug_display_settings           [   0.09212] color: 16 (rgba 5650), depth: 16, stencil: 0, acc: 0000, samples: 0/0
display  D   display_settings.c:398  _al_score_display_settings       [   0.09217] Single Buffer requirement not met.
display  D   display_settings.c:212  debug_display_settings           [   0.09220] color: 16 (rgba 5650), depth: 16, stencil: 0, acc: 0000, samples: 0/0
display  D   display_settings.c:398  _al_score_display_settings       [   0.09225] Single Buffer requirement not met.
d3d      D         d3d_disp.cpp:1668 d3d_create_display_internals     [   0.09232] Trying format 0.
d3d      I         d3d_disp.cpp:1344 d3d_display_thread_proc          [   0.09726] Chose a display format: 23
d3d      I         d3d_disp.cpp:1413 d3d_display_thread_proc          [   0.09733] Normal window.
d3d      I         d3d_disp.cpp:781  d3d_create_device                [   0.24713] Using no depth stencil buffer
d3d      D         d3d_disp.cpp:839  d3d_create_device                [   0.28113] BeginScene succeeded in create_device
d3d      D         d3d_disp.cpp:847  d3d_create_device                [   0.28120] Success
d3d      D         d3d_disp.cpp:1691 d3d_create_display_internals     [   0.28126] Resumed after wait.
d3d      I         d3d_disp.cpp:1724 d3d_create_display_internals     [   0.28133] Format 0 succeeded.
d3d      D         d3d_disp.cpp:1755 d3d_create_display_internals     [   0.28139] Returning d3d_display: 000002294B891580
d3d      D         d3d_disp.cpp:1780 d3d_create_display_locked        [   0.28143] al_display=000002294B891580
d3d      D         d3d_disp.cpp:1781 d3d_create_display_locked        [   0.28147] al_display->vt=000002294B854BB0
system   D            wsystem.c:738  maybe_parent_dir                 [   0.28182] Also searching C:\Users\matt\Documents\Visual Studio 2017\Projects\Space Strategy Game Prototype\x64\
system   D            wsystem.c:788  _al_win_safe_load_library        [   0.28205] PathFindOnPath found: C:\WINDOWS\system32\d3dx9_43.dll
system   D            wsystem.c:699  load_library_at_path             [   0.28209] Calling LoadLibrary C:\WINDOWS\system32\d3dx9_43.dll
system   I            wsystem.c:702  load_library_at_path             [   0.33489] Loaded C:\WINDOWS\system32\d3dx9_43.dll
d3dx9    I        d3d_d3dx9.cpp:88   _imp_load_d3dx9_module_version   [   0.33498] Module "d3dx9_43.dll" loaded.
audio-dsound I           dsound.cpp:255  _dsound_open                     [   0.33511] Starting DirectSound...
audio-dsound D           dsound.cpp:264  _dsound_open                     [   0.40931] DirectSoundCreate8 succeeded
audio    I              audio.c:347  do_install_audio                 [   0.41207] Using DirectSound driver
audio-dsound D           dsound.cpp:296  _dsound_allocate_voice           [   0.41222] Allocating voice
audio-dsound D           dsound.cpp:355  _dsound_allocate_voice           [   0.41227] Allocated voice
dtor     D               dtor.c:196  _al_register_destructor          [   0.41232] added dtor for voice 000002294F5862E0, func 00007FF877051208
dtor     D               dtor.c:196  _al_register_destructor          [   0.41237] added dtor for mixer 000002294F588560, func 00007FF877051212
audio-dsound D           dsound.cpp:451  _dsound_start_voice              [   0.41242] Starting voice
audio-dsound D           dsound.cpp:479  _dsound_start_voice              [   0.41245] CreateSoundBuffer
audio-dsound D           dsound.cpp:487  _dsound_start_voice              [   0.41436] CreateSoundBuffer succeeded
audio-dsound D           dsound.cpp:493  _dsound_start_voice              [   0.41443] Starting _dsound_update thread
audio-dsound I           dsound.cpp:503  _dsound_start_voice              [   0.41700] Voice started
dtor     D               dtor.c:196  _al_register_destructor          [   0.41709] added dtor for sample_instance 000002294F5A2030, func 00007FF877051438
audio    D          kcm_mixer.c:121  _al_rechannel_matrix             [   0.41717] sample matrix:
audio    D          kcm_mixer.c:127  _al_rechannel_matrix             [   0.41721] 
audio    D          kcm_mixer.c:127  _al_rechannel_matrix             [   0.41726] 
dtor     D               dtor.c:196  _al_register_destructor          [   0.41732] added dtor for sample_instance 000002294F592250, func 00007FF877051438
audio    D          kcm_mixer.c:121  _al_rechannel_matrix             [   0.41737] sample matrix:
audio    D          kcm_mixer.c:127  _al_rechannel_matrix             [   0.41740] 
audio    D          kcm_mixer.c:127  _al_rechannel_matrix             [   0.41744] 
dtor     D               dtor.c:196  _al_register_destructor          [   0.41748] added dtor for sample_instance 000002294F591B00, func 00007FF877051438
audio    D          kcm_mixer.c:121  _al_rechannel_matrix             [   0.41752] sample matrix:
audio    D          kcm_mixer.c:127  _al_rechannel_matrix             [   0.41756] 
audio    D          kcm_mixer.c:127  _al_rechannel_matrix             [   0.41759] 
dtor     D               dtor.c:196  _al_register_destructor          [   0.41763] added dtor for sample_instance 000002294F591C50, func 00007FF877051438
audio    D          kcm_mixer.c:121  _al_rechannel_matrix             [   0.41767] sample matrix:
audio    D          kcm_mixer.c:127  _al_rechannel_matrix             [   0.41771] 
audio    D          kcm_mixer.c:127  _al_rechannel_matrix             [   0.41774] 
dtor     D               dtor.c:196  _al_register_destructor          [   0.41778] added dtor for sample_instance 000002294F5A1170, func 00007FF877051438
audio    D          kcm_mixer.c:121  _al_rechannel_matrix             [   0.41783] sample matrix:
audio    D          kcm_mixer.c:127  _al_rechannel_matrix             [   0.41786] 
audio    D          kcm_mixer.c:127  _al_rechannel_matrix             [   0.41789] 
dtor     D               dtor.c:196  _al_register_destructor          [   0.41795] added dtor for timer 000002294B8A1AB0, func 00007FF8675218E8
stdio    D         file_stdio.c:109  file_stdio_fopen                 [   0.42129] opening C:/Users/matt/Documents/Visual Studio 2017/Projects/Space Strategy Game Prototype/Space Strategy Game Prototype/Images/SpaceTile.png rb
d3d      D         d3d_disp.cpp:1188 real_choose_bitmap_format        [   0.42216] Fake format
d3d      D         d3d_disp.cpp:1188 real_choose_bitmap_format        [   0.42223] Fake format
d3d      D         d3d_disp.cpp:1188 real_choose_bitmap_format        [   0.42689] Fake format
d3d      D         d3d_disp.cpp:1188 real_choose_bitmap_format        [   0.42693] Fake format
d3d      D         d3d_disp.cpp:1188 real_choose_bitmap_format        [   0.42697] Fake format
d3d      D         d3d_disp.cpp:1188 real_choose_bitmap_format        [   0.42700] Fake format
d3d      D         d3d_disp.cpp:1188 real_choose_bitmap_format        [   0.42704] Fake format
d3d      D         d3d_disp.cpp:1188 real_choose_bitmap_format        [   0.42707] Fake format
d3d      D         d3d_disp.cpp:1188 real_choose_bitmap_format        [   0.42711] Fake format
d3d      D         d3d_disp.cpp:1196 real_choose_bitmap_format        [   0.42714] Alpha doesn't match
d3d      D         d3d_disp.cpp:1203 real_choose_bitmap_format        [   0.42718] Adapter format is 23
d3d      D         d3d_disp.cpp:1206 real_choose_bitmap_format        [   0.42721] Found a format
d3d      I         d3d_disp.cpp:2377 d3d_create_bitmap                [   0.42743] Chose bitmap format 9
dtor     D               dtor.c:196  _al_register_destructor          [   0.42768] added dtor for bitmap 000002294F5BFD60, func 00007FF867521F91
d3d      D          d3d_bmp.cpp:539  _al_d3d_sync_bitmap              [   0.44679] _al_d3d_sync_bitmap (system) ref count == 1
d3d      D          d3d_bmp.cpp:545  _al_d3d_sync_bitmap              [   0.44700] _al_d3d_sync_bitmap (video) ref count == 1
